<?xml version="1.0" encoding="UTF-8"?>
<testsuite xmlns:xsi="http://www.w3.org/2001/XMLSchema-instance" xsi:noNamespaceSchemaLocation="https://maven.apache.org/surefire/maven-surefire-plugin/xsd/surefire-test-report.xsd" name="cucumber.Options.TestRunner" time="9.268" tests="2" errors="0" skipped="0" failures="0">
  <properties>
[...]
</properties>
  <testcase name="Verify if Place is being successfully added using ADD Place API" classname="Validating Place APIS" time="6.442"/>
  <testcase name="Verify if Place is being successfully deleted using Delete Place API" classname="Validating Place APIS" time="2.358"/>
</testsuite>